<?xml version="1.0" encoding="UTF-8"?>
<testsuite xmlns:xsi="http://www.w3.org/2001/XMLSchema-instance" xsi:noNamespaceSchemaLocation="https://maven.apache.org/surefire/maven-surefire-plugin/xsd/surefire-test-report.xsd" name="junit.Week4Test" time="0.114" tests="15" errors="0" skipped="0" failures="0">
  <properties>
[...]
</properties>
  <testcase name="testMinArray1" classname="junit.Week4Test" time="0.015"/>
  <testcase name="testMinArray2" classname="junit.Week4Test" time="0"/>
  <testcase name="testMinArray3" classname="junit.Week4Test" time="0"/>
  <testcase name="testMinArray4" classname="junit.Week4Test" time="0"/>
  <testcase name="testMinArray5" classname="junit.Week4Test" time="0.001"/>
  <testcase name="testMax2Int1" classname="junit.Week4Test" time="0.001"/>
  <testcase name="testMax2Int2" classname="junit.Week4Test" time="0"/>
  <testcase name="testMax2Int3" classname="junit.Week4Test" time="0"/>
  <testcase name="testMax2Int4" classname="junit.Week4Test" time="0"/>
  <testcase name="testMax2Int5" classname="junit.Week4Test" time="0"/>
  <testcase name="testCalculateBMI1" classname="junit.Week4Test" time="0"/>
  <testcase name="testCalculateBMI2" classname="junit.Week4Test" time="0.001"/>
  <testcase name="testCalculateBMI3" classname="junit.Week4Test" time="0"/>
  <testcase name="testCalculateBMI4" classname="junit.Week4Test" time="0.001"/>
  <testcase name="testCalculateBMI5" classname="junit.Week4Test" time="0.001"/>
</testsuite>